2026-06-08 15:44:41 - [SERVER_LOG] - Server CipherTalk diaktifkan pada 127.0.0.1:7002
2026-06-08 15:45:10 - [SERVER_LOG] - NRP 5025242000 sukses login menggunakan identitas samaran Ambis_Progjar_82.
2026-06-08 15:45:43 - [SERVER_LOG] - NRP 5025241000 sukses login menggunakan identitas samaran Cak_Informatika_38.
2026-06-08 15:47:40 - [SERVER_LOG] - NRP 5025231010 sukses login menggunakan identitas samaran Pejuang_Progjar_18.
2026-06-08 15:53:13 - [SERVER_LOG] - NRP 5025242000 (Ambis_Progjar_82) terputus dari jaringan.
2026-06-08 15:53:18 - [SERVER_LOG] - NRP 5025231010 (Pejuang_Progjar_18) terputus dari jaringan.
2026-06-08 15:53:21 - [SERVER_LOG] - NRP 5025241000 (Cak_Informatika_38) terputus dari jaringan.
2026-06-08 16:36:44 - [SERVER_LOG] - Server CipherTalk diaktifkan pada 127.0.0.1:7002
2026-06-08 16:36:57 - [SERVER_LOG] - NRP 5025231010 sukses login menggunakan identitas samaran Sambat_Sukolilo_15.
2026-06-08 16:37:12 - [SERVER_LOG] - NRP 5025241010 sukses login menggunakan identitas samaran Warga_ITS_43.
2026-06-08 16:37:19 - [SERVER_LOG] - NRP 5025241790 sukses login menggunakan identitas samaran Maba_Progjar_26.
2026-06-08 16:40:54 - [SERVER_LOG] - NRP 5025231010 (Sambat_Sukolilo_15) terputus dari jaringan.
2026-06-08 16:40:56 - [SERVER_LOG] - NRP 5025241010 (Warga_ITS_43) terputus dari jaringan.
2026-06-08 16:40:58 - [SERVER_LOG] - NRP 5025241790 (Maba_Progjar_26) terputus dari jaringan.
2026-06-08 16:41:04 - [SERVER_LOG] - NRP 5025241075 sukses login menggunakan identitas samaran Sambat_StresFP_11.
2026-06-08 16:41:44 - [SERVER_LOG] - NRP 5025241334 sukses login menggunakan identitas samaran Cak_Sukolilo_31.
2026-06-08 16:51:34 - [SERVER_LOG] - NRP 5025241075 (Sambat_StresFP_11) terputus dari jaringan.
2026-06-08 16:51:35 - [SERVER_LOG] - NRP 5025241334 (Cak_Sukolilo_31) terputus dari jaringan.
2026-06-08 16:53:19 - [SERVER_LOG] - NRP 5025241047 sukses login menggunakan identitas samaran Cak_ITS_20.
2026-06-08 16:54:17 - [SERVER_LOG] - NRP 5025241047 (Cak_ITS_20) terputus dari jaringan.
2026-06-08 16:54:28 - [SERVER_LOG] - NRP 5025241047 sukses login menggunakan identitas samaran Pejuang_StresFP_25.
2026-06-08 16:54:41 - [SERVER_LOG] - NRP 5025241047 (Pejuang_StresFP_25) terputus dari jaringan.
2026-06-08 16:55:34 - [SERVER_LOG] - NRP 5025241010 sukses login menggunakan identitas samaran Ambis_Sukolilo_33.
2026-06-08 16:55:43 - [SERVER_LOG] - NRP 5025241010 (Ambis_Sukolilo_33) terputus dari jaringan.
2026-06-08 17:03:22 - [SERVER_LOG] - Server CipherTalk diaktifkan pada 127.0.0.1:7002
2026-06-08 17:03:30 - [SERVER_LOG] - NRP 5025241047 sukses login menggunakan identitas samaran Cak_Progjar_49.
2026-06-08 17:03:57 - [SERVER_LOG] - NRP 5025241047 (Cak_Progjar_49) terputus dari jaringan.
2026-06-08 17:04:42 - [SERVER_LOG] - Server CipherTalk diaktifkan pada 127.0.0.1:7002
2026-06-08 17:04:51 - [SERVER_LOG] - NRP 5025241010 sukses login menggunakan identitas samaran Warga_Informatika_36.
2026-06-08 17:05:19 - [SERVER_LOG] - NRP 5025241010 (Warga_Informatika_36) terputus dari jaringan.
2026-06-08 17:05:29 - [SERVER_LOG] - Server CipherTalk diaktifkan pada 127.0.0.1:7002
2026-06-08 17:05:37 - [SERVER_LOG] - NRP 5025241010 sukses login menggunakan identitas samaran Ning_StresFP_38.
2026-06-08 17:05:51 - [SERVER_LOG] - NRP 5025241010 (Ning_StresFP_38) terputus dari jaringan.
2026-06-09 07:50:09 - [SERVER_LOG] - Server CipherTalk diaktifkan pada 127.0.0.1:7002
2026-06-09 07:50:30 - [SERVER_LOG] - NRP 5025241010 sukses login menggunakan identitas samaran Maba_Cantik_54.
2026-06-09 07:51:09 - [SERVER_LOG] - NRP 5025241010 (Maba_Cantik_54) terputus dari jaringan.
2026-06-09 07:51:29 - [SERVER_LOG] - NRP 5025241010 sukses login menggunakan identitas samaran Mahasiswa_Cantik_19.
2026-06-09 07:51:34 - [SERVER_LOG] - NRP 5025241010 (Mahasiswa_Cantik_19) terputus dari jaringan.
2026-06-09 07:54:48 - [SERVER_LOG] - Server CipherTalk diaktifkan pada 127.0.0.1:7002
2026-06-09 07:54:57 - [SERVER_LOG] - NRP 5025241010 sukses login menggunakan identitas samaran Mahasiswa_Progjar_50.
2026-06-09 07:56:52 - [SERVER_LOG] - NRP 5025241020 sukses login menggunakan identitas samaran Maba_Informatika_45.
2026-06-09 07:57:43 - [SERVER_LOG] - NRP 5025241089 sukses login menggunakan identitas samaran Mahasiswa_StresFP_75.
2026-06-09 08:01:05 - [SERVER_LOG] - NRP 5025241010 (Mahasiswa_Progjar_50) terputus dari jaringan.
2026-06-09 08:01:07 - [SERVER_LOG] - NRP 5025241020 (Maba_Informatika_45) terputus dari jaringan.
2026-06-09 08:01:08 - [SERVER_LOG] - NRP 5025241089 (Mahasiswa_StresFP_75) terputus dari jaringan.
2026-06-09 08:09:43 - [SERVER_LOG] - Server CipherTalk diaktifkan pada 127.0.0.1:7002
2026-06-09 08:09:50 - [SERVER_LOG] - NRP 5025241010 sukses login menggunakan identitas samaran KucingFLE.
2026-06-09 08:10:14 - [SERVER_LOG] - NRP 5025241929 sukses login menggunakan identitas samaran KucingZN4.
2026-06-09 08:11:56 - [SERVER_LOG] - NRP 5025241010 (KucingFLE) terputus dari jaringan.
2026-06-09 08:11:59 - [SERVER_LOG] - NRP 5025241929 (KucingZN4) terputus dari jaringan.
2026-06-09 08:24:04 - [SERVER_LOG] - Server CipherTalk diaktifkan pada 127.0.0.1:7002
2026-06-09 08:24:13 - [SERVER_LOG] - NRP 5025241099 sukses login menggunakan identitas samaran AlpukatLBO.
2026-06-12 10:37:58 - [SERVER_LOG] - Server CipherTalk diaktifkan pada 127.0.0.1:7002
2026-06-12 10:38:37 - [SERVER_LOG] - NRP 5025241010 sukses login menggunakan identitas samaran Jeruk2VS.
2026-06-12 11:32:55 - [SERVER_LOG] - NRP 5025241010 (Jeruk2VS) terputus dari jaringan.
2026-06-12 11:33:15 - [SERVER_LOG] - NRP 5025241323 sukses login menggunakan identitas samaran Lemon4DG.
2026-06-12 11:33:18 - [SERVER_LOG] - NRP 5025241323 (Lemon4DG) terputus dari jaringan.
2026-06-12 11:38:24 - [SERVER_LOG] - NRP 5025241047 sukses login menggunakan identitas samaran JambuEBR.
2026-06-12 11:42:05 - [SERVER_LOG] - NRP 5025241212 sukses login menggunakan identitas samaran KiwiM3F.
2026-06-12 11:42:21 - [SERVER_LOG] - NRP 5025241029 sukses login menggunakan identitas samaran KiwiMQD.
2026-06-12 11:42:39 - [SERVER_LOG] - NRP 1234567890 sukses login menggunakan identitas samaran NanasYTZ.
2026-06-12 11:47:14 - [SERVER_LOG] - NRP 5025241047 (JambuEBR) terputus dari jaringan.
2026-06-12 11:51:35 - [SERVER_LOG] - NRP 5025241212 (KiwiM3F) terputus dari jaringan.
2026-06-12 11:51:36 - [SERVER_LOG] - NRP 5025241029 (KiwiMQD) terputus dari jaringan.
2026-06-12 11:51:37 - [SERVER_LOG] - NRP 1234567890 (NanasYTZ) terputus dari jaringan.
2026-06-12 11:56:18 - [SERVER_LOG] - Server CipherTalk diaktifkan pada 127.0.0.1:7002
2026-06-12 11:56:48 - [SERVER_LOG] - NRP 5025241010 sukses login menggunakan identitas samaran Lemon352.
2026-06-12 11:56:55 - [SERVER_LOG] - NRP 5025241010 (Lemon352) terputus dari jaringan.
2026-06-12 11:57:21 - [SERVER_LOG] - NRP 5025241010 sukses login menggunakan identitas samaran NanasNXN.
2026-06-12 11:57:56 - [SERVER_LOG] - NRP 5025241010 (NanasNXN) terputus dari jaringan.
2026-06-12 12:01:20 - [SERVER_LOG] - NRP 5025241010 sukses login menggunakan identitas samaran Semangka1FF.
2026-06-12 12:02:29 - [SERVER_LOG] - NRP 5025241012 sukses login menggunakan identitas samaran BerryOPQ.
2026-06-12 12:02:53 - [SERVER_LOG] - NRP 5025241012 (BerryOPQ) terputus dari jaringan.
2026-06-12 12:03:03 - [SERVER_LOG] - NRP 5025241010 (Semangka1FF) terputus dari jaringan.
2026-06-12 12:05:04 - [SERVER_LOG] - NRP 5025241010 sukses login menggunakan identitas samaran Apel6H4.
2026-06-12 12:05:10 - [SERVER_LOG] - NRP 5025241010 (Apel6H4) terputus dari jaringan.
2026-06-12 12:07:06 - [SERVER_LOG] - NRP 5025241212 sukses login menggunakan identitas samaran BerryKQ0.
2026-06-12 12:08:31 - [SERVER_LOG] - NRP 5025241042 sukses login menggunakan identitas samaran JambuL2R.
2026-06-12 12:09:57 - [SERVER_LOG] - NRP 5025241020 sukses login menggunakan identitas samaran KiwiQLX.
2026-06-12 13:30:48 - [SERVER_LOG] - NRP 5025241042 (JambuL2R) terputus dari jaringan.
2026-06-12 13:30:51 - [SERVER_LOG] - NRP 5025241212 (BerryKQ0) terputus dari jaringan.
2026-06-12 13:30:53 - [SERVER_LOG] - NRP 5025241020 (KiwiQLX) terputus dari jaringan.
2026-06-12 13:31:59 - [SERVER_LOG] - Server CipherTalk diaktifkan pada 127.0.0.1:7002
2026-06-12 13:32:24 - [SERVER_LOG] - NRP 5025241047 sukses login menggunakan identitas samaran Sirsak6NN.
2026-06-12 13:33:06 - [SERVER_LOG] - NRP 5025241212 sukses login menggunakan identitas samaran DurianWGB.
2026-06-12 13:33:46 - [SERVER_LOG] - NRP 5025241262 sukses login menggunakan identitas samaran ApelZGJ.
2026-06-12 13:37:43 - [SERVER_LOG] - Server CipherTalk diaktifkan pada 127.0.0.1:7002
2026-06-12 13:38:06 - [SERVER_LOG] - NRP 5025241021 sukses login menggunakan identitas samaran Apel4KX.
2026-06-12 13:38:17 - [SERVER_LOG] - NRP 5025241212 sukses login menggunakan identitas samaran Nanas24T.
2026-06-12 13:43:26 - [SERVER_LOG] - NRP 5025241212 (Nanas24T) terputus dari jaringan.
2026-06-12 13:43:28 - [SERVER_LOG] - NRP 5025241021 (Apel4KX) terputus dari jaringan.
2026-06-14 12:06:59 - [SERVER_LOG] - Server CipherTalk diaktifkan pada 127.0.0.1:7002
2026-06-14 12:16:08 - [SERVER_LOG] - Server CipherTalk diaktifkan pada 127.0.0.1:7002
